2021-04-05 01:49:19,694 [main] INFO  com.solvd.webOnlineShop.ui.menu.mainMenu.MainMenu - Execution started
2021-04-05 01:49:19,710 [main] INFO  com.solvd.webOnlineShop.product.Product - New product created
2021-04-05 01:49:19,710 [main] INFO  com.solvd.webOnlineShop.product.Product - New product created
2021-04-05 01:49:19,710 [main] INFO  com.solvd.webOnlineShop.product.Product - New product created
2021-04-05 01:49:19,710 [main] INFO  com.solvd.webOnlineShop.product.Product - New product created
2021-04-05 01:49:19,710 [main] INFO  com.solvd.webOnlineShop.product.Product - New product created
2021-04-05 01:49:19,710 [main] INFO  com.solvd.webOnlineShop.ui.menu.mainMenu.MainMenu - Printing Main Menu
2021-04-05 01:49:19,710 [main] INFO  com.solvd.webOnlineShop.generics.AbstractMenu - Choosing Menu ui options
2021-04-05 01:49:19,725 [main] INFO  com.solvd.webOnlineShop.generics.AbstractMenu - Clock: Mon Apr 05 01:49:19 ART 2021
2021-04-05 01:49:19,725 [main] INFO  com.solvd.webOnlineShop.generics.AbstractMenu - Giving all elements options
2021-04-05 01:49:19,741 [main] INFO  com.solvd.webOnlineShop.generics.AbstractMenu - 0- Login.
2021-04-05 01:49:19,741 [main] INFO  com.solvd.webOnlineShop.generics.AbstractMenu - 1- Create a User.
2021-04-05 01:49:19,741 [main] INFO  com.solvd.webOnlineShop.generics.AbstractMenu - 2- Enter as a Guest(Can't buy anything).
2021-04-05 01:49:19,741 [main] INFO  com.solvd.webOnlineShop.generics.AbstractMenu - 3- Exit.
2021-04-05 01:49:19,741 [main] INFO  com.solvd.webOnlineShop.GenerateRandomData - Number written by the dummy(Bounded): 3
2021-04-05 01:49:19,741 [main] INFO  com.solvd.webOnlineShop.generics.AbstractMenu - Chosen option: 3
2021-04-05 01:49:19,741 [main] INFO  com.solvd.webOnlineShop.generics.AbstractMenu - Option selected in changeOption: 
2021-04-05 01:49:19,757 [main] INFO  com.solvd.webOnlineShop.ui.menu.mainMenu.MainMenu - All tickets processed!
2021-04-05 01:49:19,757 [main] INFO  com.solvd.webOnlineShop.ui.menu.mainMenu.MainMenu - Execution terminated
2021-04-05 01:49:30,298 [main] INFO  com.solvd.webOnlineShop.ui.menu.mainMenu.MainMenu - Execution started
2021-04-05 01:49:30,308 [main] INFO  com.solvd.webOnlineShop.product.Product - New product created
2021-04-05 01:49:30,308 [main] INFO  com.solvd.webOnlineShop.product.Product - New product created
2021-04-05 01:49:30,308 [main] INFO  com.solvd.webOnlineShop.product.Product - New product created
2021-04-05 01:49:30,308 [main] INFO  com.solvd.webOnlineShop.product.Product - New product created
2021-04-05 01:49:30,308 [main] INFO  com.solvd.webOnlineShop.product.Product - New product created
2021-04-05 01:49:30,308 [main] INFO  com.solvd.webOnlineShop.ui.menu.mainMenu.MainMenu - Printing Main Menu
2021-04-05 01:49:30,308 [main] INFO  com.solvd.webOnlineShop.generics.AbstractMenu - Choosing Menu ui options
2021-04-05 01:49:30,308 [main] INFO  com.solvd.webOnlineShop.generics.AbstractMenu - Clock: Mon Apr 05 01:49:30 ART 2021
2021-04-05 01:49:30,308 [main] INFO  com.solvd.webOnlineShop.generics.AbstractMenu - Giving all elements options
2021-04-05 01:49:30,328 [main] INFO  com.solvd.webOnlineShop.generics.AbstractMenu - 0- Login.
2021-04-05 01:49:30,328 [main] INFO  com.solvd.webOnlineShop.generics.AbstractMenu - 1- Create a User.
2021-04-05 01:49:30,328 [main] INFO  com.solvd.webOnlineShop.generics.AbstractMenu - 2- Enter as a Guest(Can't buy anything).
2021-04-05 01:49:30,328 [main] INFO  com.solvd.webOnlineShop.generics.AbstractMenu - 3- Exit.
2021-04-05 01:49:30,330 [main] INFO  com.solvd.webOnlineShop.GenerateRandomData - Number written by the dummy(Bounded): 2
2021-04-05 01:49:30,330 [main] INFO  com.solvd.webOnlineShop.generics.AbstractMenu - Chosen option: 2
2021-04-05 01:49:30,330 [main] INFO  com.solvd.webOnlineShop.generics.AbstractMenu - Option selected in changeOption: 
2021-04-05 01:49:30,340 [main] INFO  com.solvd.webOnlineShop.GenerateRandomData - User created
2021-04-05 01:49:30,340 [main] INFO  com.solvd.webOnlineShop.GenerateRandomData - Guest created
2021-04-05 01:49:30,340 [main] INFO  com.solvd.webOnlineShop.ui.menu.shopMenu.ShopMenu - Printing Shop Menu
2021-04-05 01:49:30,340 [main] INFO  com.solvd.webOnlineShop.generics.AbstractMenu - Choosing Menu ui options
2021-04-05 01:49:30,340 [main] INFO  com.solvd.webOnlineShop.generics.AbstractMenu - Clock: Mon Apr 05 01:49:30 ART 2021
2021-04-05 01:49:30,340 [main] INFO  com.solvd.webOnlineShop.generics.AbstractMenu - Giving all elements options
2021-04-05 01:49:30,340 [main] INFO  com.solvd.webOnlineShop.generics.AbstractMenu - 0- See all Products.
2021-04-05 01:49:30,340 [main] INFO  com.solvd.webOnlineShop.generics.AbstractMenu - 1- Search a Product.
2021-04-05 01:49:30,340 [main] INFO  com.solvd.webOnlineShop.generics.AbstractMenu - 2- See Cart.
2021-04-05 01:49:30,340 [main] INFO  com.solvd.webOnlineShop.generics.AbstractMenu - 3- Admin Options.
2021-04-05 01:49:30,340 [main] INFO  com.solvd.webOnlineShop.generics.AbstractMenu - 4- Close Session.
2021-04-05 01:49:30,340 [main] INFO  com.solvd.webOnlineShop.GenerateRandomData - Number written by the dummy(Bounded): 1
2021-04-05 01:49:30,340 [main] INFO  com.solvd.webOnlineShop.generics.AbstractMenu - Chosen option: 1
2021-04-05 01:49:30,340 [main] INFO  com.solvd.webOnlineShop.generics.AbstractMenu - Option selected in changeOption: 
2021-04-05 01:49:30,340 [main] INFO  com.solvd.webOnlineShop.ui.menu.shopMenu.ShopMenu - Starting search
2021-04-05 01:49:30,349 [main] INFO  com.solvd.webOnlineShop.GenerateRandomData - Search written by the dummy: shelve
2021-04-05 01:49:30,379 [main] INFO  com.solvd.webOnlineShop.ui.menu.shopMenu.ShopMenu - Shelves, $ 15.0, description:'This can be used for books
2021-04-05 01:49:30,381 [main] INFO  com.solvd.webOnlineShop.ui.menu.shopMenu.ShopMenu - Printing Shop Menu
2021-04-05 01:49:30,381 [main] INFO  com.solvd.webOnlineShop.generics.AbstractMenu - Choosing Menu ui options
2021-04-05 01:49:30,381 [main] INFO  com.solvd.webOnlineShop.generics.AbstractMenu - Clock: Mon Apr 05 01:49:30 ART 2021
2021-04-05 01:49:30,381 [main] INFO  com.solvd.webOnlineShop.generics.AbstractMenu - Giving all elements options
2021-04-05 01:49:30,381 [main] INFO  com.solvd.webOnlineShop.generics.AbstractMenu - 0- See all Products.
2021-04-05 01:49:30,381 [main] INFO  com.solvd.webOnlineShop.generics.AbstractMenu - 1- Search a Product.
2021-04-05 01:49:30,381 [main] INFO  com.solvd.webOnlineShop.generics.AbstractMenu - 2- See Cart.
2021-04-05 01:49:30,381 [main] INFO  com.solvd.webOnlineShop.generics.AbstractMenu - 3- Admin Options.
2021-04-05 01:49:30,381 [main] INFO  com.solvd.webOnlineShop.generics.AbstractMenu - 4- Close Session.
2021-04-05 01:49:30,381 [main] INFO  com.solvd.webOnlineShop.GenerateRandomData - Number written by the dummy(Bounded): 3
2021-04-05 01:49:30,381 [main] INFO  com.solvd.webOnlineShop.generics.AbstractMenu - Chosen option: 3
2021-04-05 01:49:30,381 [main] INFO  com.solvd.webOnlineShop.generics.AbstractMenu - Option selected in changeOption: 
2021-04-05 01:49:30,381 [main] ERROR com.solvd.webOnlineShop.ui.menu.shopMenu.ShopMenu - com.solvd.webOnlineShop.exceptions.UserNotAdminException: UserNotAdminException Occurred: This user is not an admin.
2021-04-05 01:49:30,381 [main] INFO  com.solvd.webOnlineShop.ui.menu.mainMenu.MainMenu - Printing Main Menu
2021-04-05 01:49:30,381 [main] INFO  com.solvd.webOnlineShop.generics.AbstractMenu - Choosing Menu ui options
2021-04-05 01:49:30,381 [main] INFO  com.solvd.webOnlineShop.generics.AbstractMenu - Clock: Mon Apr 05 01:49:30 ART 2021
2021-04-05 01:49:30,381 [main] INFO  com.solvd.webOnlineShop.generics.AbstractMenu - Giving all elements options
2021-04-05 01:49:30,381 [main] INFO  com.solvd.webOnlineShop.generics.AbstractMenu - 0- Login.
2021-04-05 01:49:30,381 [main] INFO  com.solvd.webOnlineShop.generics.AbstractMenu - 1- Create a User.
2021-04-05 01:49:30,381 [main] INFO  com.solvd.webOnlineShop.generics.AbstractMenu - 2- Enter as a Guest(Can't buy anything).
2021-04-05 01:49:30,381 [main] INFO  com.solvd.webOnlineShop.generics.AbstractMenu - 3- Exit.
2021-04-05 01:49:30,381 [main] INFO  com.solvd.webOnlineShop.GenerateRandomData - Number written by the dummy(Bounded): 0
2021-04-05 01:49:30,381 [main] INFO  com.solvd.webOnlineShop.generics.AbstractMenu - Chosen option: 0
2021-04-05 01:49:30,381 [main] INFO  com.solvd.webOnlineShop.generics.AbstractMenu - Option selected in changeOption: 
2021-04-05 01:49:30,389 [main] INFO  com.solvd.webOnlineShop.ui.menu.usersMenu.Login - Printing Login Menu
2021-04-05 01:49:30,389 [main] INFO  com.solvd.webOnlineShop.generics.AbstractMenu - Choosing Menu ui options
2021-04-05 01:49:30,391 [main] INFO  com.solvd.webOnlineShop.generics.AbstractMenu - Clock: Mon Apr 05 01:49:30 ART 2021
2021-04-05 01:49:30,391 [main] INFO  com.solvd.webOnlineShop.generics.AbstractMenu - Giving all elements options
2021-04-05 01:49:30,391 [main] INFO  com.solvd.webOnlineShop.generics.AbstractMenu - 0- Enter Data.
2021-04-05 01:49:30,391 [main] INFO  com.solvd.webOnlineShop.generics.AbstractMenu - 1- Exit.
2021-04-05 01:49:30,391 [main] INFO  com.solvd.webOnlineShop.GenerateRandomData - Number written by the dummy(Bounded): 0
2021-04-05 01:49:30,391 [main] INFO  com.solvd.webOnlineShop.generics.AbstractMenu - Chosen option: 0
2021-04-05 01:49:30,391 [main] INFO  com.solvd.webOnlineShop.generics.AbstractMenu - Option selected in changeOption: 
2021-04-05 01:49:30,391 [main] INFO  com.solvd.webOnlineShop.ui.menu.usersMenu.Login - entered in validate user
2021-04-05 01:49:30,391 [main] INFO  com.solvd.webOnlineShop.GenerateRandomData - Input written by the dummy: sansan
2021-04-05 01:49:30,391 [main] INFO  com.solvd.webOnlineShop.GenerateRandomData - Input written by the dummy: sansan
2021-04-05 01:49:30,391 [main] WARN  com.solvd.webOnlineShop.ui.menu.usersMenu.Login - No user found in matching
2021-04-05 01:49:30,391 [main] INFO  com.solvd.webOnlineShop.ui.menu.usersMenu.Login - Printing Login Menu
2021-04-05 01:49:30,391 [main] INFO  com.solvd.webOnlineShop.generics.AbstractMenu - Choosing Menu ui options
2021-04-05 01:49:30,391 [main] INFO  com.solvd.webOnlineShop.generics.AbstractMenu - Clock: Mon Apr 05 01:49:30 ART 2021
2021-04-05 01:49:30,391 [main] INFO  com.solvd.webOnlineShop.generics.AbstractMenu - Giving all elements options
2021-04-05 01:49:30,391 [main] INFO  com.solvd.webOnlineShop.generics.AbstractMenu - 0- Enter Data.
2021-04-05 01:49:30,391 [main] INFO  com.solvd.webOnlineShop.generics.AbstractMenu - 1- Exit.
2021-04-05 01:49:30,391 [main] INFO  com.solvd.webOnlineShop.GenerateRandomData - Number written by the dummy(Bounded): 0
2021-04-05 01:49:30,391 [main] INFO  com.solvd.webOnlineShop.generics.AbstractMenu - Chosen option: 0
2021-04-05 01:49:30,391 [main] INFO  com.solvd.webOnlineShop.generics.AbstractMenu - Option selected in changeOption: 
2021-04-05 01:49:30,391 [main] INFO  com.solvd.webOnlineShop.ui.menu.usersMenu.Login - entered in validate user
2021-04-05 01:49:30,391 [main] INFO  com.solvd.webOnlineShop.GenerateRandomData - Input written by the dummy: sansan
2021-04-05 01:49:30,391 [main] INFO  com.solvd.webOnlineShop.GenerateRandomData - Input written by the dummy: 123123
2021-04-05 01:49:30,391 [main] WARN  com.solvd.webOnlineShop.ui.menu.usersMenu.Login - No user found in matching
2021-04-05 01:49:30,391 [main] INFO  com.solvd.webOnlineShop.ui.menu.usersMenu.Login - Printing Login Menu
2021-04-05 01:49:30,399 [main] INFO  com.solvd.webOnlineShop.generics.AbstractMenu - Choosing Menu ui options
2021-04-05 01:49:30,399 [main] INFO  com.solvd.webOnlineShop.generics.AbstractMenu - Clock: Mon Apr 05 01:49:30 ART 2021
2021-04-05 01:49:30,401 [main] INFO  com.solvd.webOnlineShop.generics.AbstractMenu - Giving all elements options
2021-04-05 01:49:30,401 [main] INFO  com.solvd.webOnlineShop.generics.AbstractMenu - 0- Enter Data.
2021-04-05 01:49:30,401 [main] INFO  com.solvd.webOnlineShop.generics.AbstractMenu - 1- Exit.
2021-04-05 01:49:30,401 [main] INFO  com.solvd.webOnlineShop.GenerateRandomData - Number written by the dummy(Bounded): 1
2021-04-05 01:49:30,401 [main] INFO  com.solvd.webOnlineShop.generics.AbstractMenu - Chosen option: 1
2021-04-05 01:49:30,401 [main] INFO  com.solvd.webOnlineShop.generics.AbstractMenu - Option selected in changeOption: 
2021-04-05 01:49:30,401 [main] INFO  com.solvd.webOnlineShop.ui.menu.mainMenu.MainMenu - Printing Main Menu
2021-04-05 01:49:30,401 [main] INFO  com.solvd.webOnlineShop.generics.AbstractMenu - Choosing Menu ui options
2021-04-05 01:49:30,401 [main] INFO  com.solvd.webOnlineShop.generics.AbstractMenu - Clock: Mon Apr 05 01:49:30 ART 2021
2021-04-05 01:49:30,401 [main] INFO  com.solvd.webOnlineShop.generics.AbstractMenu - Giving all elements options
2021-04-05 01:49:30,401 [main] INFO  com.solvd.webOnlineShop.generics.AbstractMenu - 0- Login.
2021-04-05 01:49:30,401 [main] INFO  com.solvd.webOnlineShop.generics.AbstractMenu - 1- Create a User.
2021-04-05 01:49:30,401 [main] INFO  com.solvd.webOnlineShop.generics.AbstractMenu - 2- Enter as a Guest(Can't buy anything).
2021-04-05 01:49:30,401 [main] INFO  com.solvd.webOnlineShop.generics.AbstractMenu - 3- Exit.
2021-04-05 01:49:30,401 [main] INFO  com.solvd.webOnlineShop.GenerateRandomData - Number written by the dummy(Bounded): 2
2021-04-05 01:49:30,401 [main] INFO  com.solvd.webOnlineShop.generics.AbstractMenu - Chosen option: 2
2021-04-05 01:49:30,401 [main] INFO  com.solvd.webOnlineShop.generics.AbstractMenu - Option selected in changeOption: 
2021-04-05 01:49:30,401 [main] INFO  com.solvd.webOnlineShop.GenerateRandomData - User created
2021-04-05 01:49:30,401 [main] INFO  com.solvd.webOnlineShop.GenerateRandomData - Guest created
2021-04-05 01:49:30,401 [main] INFO  com.solvd.webOnlineShop.ui.menu.shopMenu.ShopMenu - Printing Shop Menu
2021-04-05 01:49:30,401 [main] INFO  com.solvd.webOnlineShop.generics.AbstractMenu - Choosing Menu ui options
2021-04-05 01:49:30,401 [main] INFO  com.solvd.webOnlineShop.generics.AbstractMenu - Clock: Mon Apr 05 01:49:30 ART 2021
2021-04-05 01:49:30,401 [main] INFO  com.solvd.webOnlineShop.generics.AbstractMenu - Giving all elements options
2021-04-05 01:49:30,401 [main] INFO  com.solvd.webOnlineShop.generics.AbstractMenu - 0- See all Products.
2021-04-05 01:49:30,409 [main] INFO  com.solvd.webOnlineShop.generics.AbstractMenu - 1- Search a Product.
2021-04-05 01:49:30,409 [main] INFO  com.solvd.webOnlineShop.generics.AbstractMenu - 2- See Cart.
2021-04-05 01:49:30,409 [main] INFO  com.solvd.webOnlineShop.generics.AbstractMenu - 3- Admin Options.
2021-04-05 01:49:30,409 [main] INFO  com.solvd.webOnlineShop.generics.AbstractMenu - 4- Close Session.
2021-04-05 01:49:30,409 [main] INFO  com.solvd.webOnlineShop.GenerateRandomData - Number written by the dummy(Bounded): 0
2021-04-05 01:49:30,409 [main] INFO  com.solvd.webOnlineShop.generics.AbstractMenu - Chosen option: 0
2021-04-05 01:49:30,409 [main] INFO  com.solvd.webOnlineShop.generics.AbstractMenu - Option selected in changeOption: 
2021-04-05 01:49:30,409 [main] INFO  com.solvd.webOnlineShop.product.Product - Retrieving all products
2021-04-05 01:49:30,409 [main] INFO  com.solvd.webOnlineShop.product.Product - Book, $ 5.99, description:'An excellent book
2021-04-05 01:49:30,409 [main] INFO  com.solvd.webOnlineShop.product.Product - BookMarker, $ 0.99, description:'This is for books
2021-04-05 01:49:30,409 [main] INFO  com.solvd.webOnlineShop.product.Product - Wallet, $ 1.99, description:'This is not for books
2021-04-05 01:49:30,409 [main] INFO  com.solvd.webOnlineShop.product.Product - Shelves, $ 15.0, description:'This can be used for books
2021-04-05 01:49:30,409 [main] INFO  com.solvd.webOnlineShop.product.Product - Lighter, $ 0.5, description:'This is definitely not for books
2021-04-05 01:49:30,409 [main] INFO  com.solvd.webOnlineShop.ui.menu.shopMenu.ShopMenu - Printing Shop Menu
2021-04-05 01:49:30,411 [main] INFO  com.solvd.webOnlineShop.generics.AbstractMenu - Choosing Menu ui options
2021-04-05 01:49:30,411 [main] INFO  com.solvd.webOnlineShop.generics.AbstractMenu - Clock: Mon Apr 05 01:49:30 ART 2021
2021-04-05 01:49:30,411 [main] INFO  com.solvd.webOnlineShop.generics.AbstractMenu - Giving all elements options
2021-04-05 01:49:30,411 [main] INFO  com.solvd.webOnlineShop.generics.AbstractMenu - 0- See all Products.
2021-04-05 01:49:30,411 [main] INFO  com.solvd.webOnlineShop.generics.AbstractMenu - 1- Search a Product.
2021-04-05 01:49:30,411 [main] INFO  com.solvd.webOnlineShop.generics.AbstractMenu - 2- See Cart.
2021-04-05 01:49:30,411 [main] INFO  com.solvd.webOnlineShop.generics.AbstractMenu - 3- Admin Options.
2021-04-05 01:49:30,411 [main] INFO  com.solvd.webOnlineShop.generics.AbstractMenu - 4- Close Session.
2021-04-05 01:49:30,411 [main] INFO  com.solvd.webOnlineShop.GenerateRandomData - Number written by the dummy(Bounded): 2
2021-04-05 01:49:30,411 [main] INFO  com.solvd.webOnlineShop.generics.AbstractMenu - Chosen option: 2
2021-04-05 01:49:30,411 [main] INFO  com.solvd.webOnlineShop.generics.AbstractMenu - Option selected in changeOption: 
2021-04-05 01:49:30,411 [main] INFO  com.solvd.webOnlineShop.ui.menu.shopMenu.ShopMenu - Check for cart
2021-04-05 01:49:30,411 [main] ERROR com.solvd.webOnlineShop.ui.menu.shopMenu.ShopMenu - com.solvd.webOnlineShop.exceptions.NoObjectException: NoCartException occurred: Guest users don't have carts
2021-04-05 01:49:30,411 [main] INFO  com.solvd.webOnlineShop.ui.menu.shopMenu.ShopMenu - Printing Shop Menu
2021-04-05 01:49:30,411 [main] INFO  com.solvd.webOnlineShop.generics.AbstractMenu - Choosing Menu ui options
2021-04-05 01:49:30,411 [main] INFO  com.solvd.webOnlineShop.generics.AbstractMenu - Clock: Mon Apr 05 01:49:30 ART 2021
2021-04-05 01:49:30,411 [main] INFO  com.solvd.webOnlineShop.generics.AbstractMenu - Giving all elements options
2021-04-05 01:49:30,411 [main] INFO  com.solvd.webOnlineShop.generics.AbstractMenu - 0- See all Products.
2021-04-05 01:49:30,411 [main] INFO  com.solvd.webOnlineShop.generics.AbstractMenu - 1- Search a Product.
2021-04-05 01:49:30,411 [main] INFO  com.solvd.webOnlineShop.generics.AbstractMenu - 2- See Cart.
2021-04-05 01:49:30,411 [main] INFO  com.solvd.webOnlineShop.generics.AbstractMenu - 3- Admin Options.
2021-04-05 01:49:30,411 [main] INFO  com.solvd.webOnlineShop.generics.AbstractMenu - 4- Close Session.
2021-04-05 01:49:30,411 [main] INFO  com.solvd.webOnlineShop.GenerateRandomData - Number written by the dummy(Bounded): 2
2021-04-05 01:49:30,411 [main] INFO  com.solvd.webOnlineShop.generics.AbstractMenu - Chosen option: 2
2021-04-05 01:49:30,411 [main] INFO  com.solvd.webOnlineShop.generics.AbstractMenu - Option selected in changeOption: 
2021-04-05 01:49:30,411 [main] INFO  com.solvd.webOnlineShop.ui.menu.shopMenu.ShopMenu - Check for cart
2021-04-05 01:49:30,411 [main] ERROR com.solvd.webOnlineShop.ui.menu.shopMenu.ShopMenu - com.solvd.webOnlineShop.exceptions.NoObjectException: NoCartException occurred: Guest users don't have carts
2021-04-05 01:49:30,411 [main] INFO  com.solvd.webOnlineShop.ui.menu.shopMenu.ShopMenu - Printing Shop Menu
2021-04-05 01:49:30,411 [main] INFO  com.solvd.webOnlineShop.generics.AbstractMenu - Choosing Menu ui options
2021-04-05 01:49:30,411 [main] INFO  com.solvd.webOnlineShop.generics.AbstractMenu - Clock: Mon Apr 05 01:49:30 ART 2021
2021-04-05 01:49:30,411 [main] INFO  com.solvd.webOnlineShop.generics.AbstractMenu - Giving all elements options
2021-04-05 01:49:30,411 [main] INFO  com.solvd.webOnlineShop.generics.AbstractMenu - 0- See all Products.
2021-04-05 01:49:30,411 [main] INFO  com.solvd.webOnlineShop.generics.AbstractMenu - 1- Search a Product.
2021-04-05 01:49:30,411 [main] INFO  com.solvd.webOnlineShop.generics.AbstractMenu - 2- See Cart.
2021-04-05 01:49:30,411 [main] INFO  com.solvd.webOnlineShop.generics.AbstractMenu - 3- Admin Options.
2021-04-05 01:49:30,411 [main] INFO  com.solvd.webOnlineShop.generics.AbstractMenu - 4- Close Session.
2021-04-05 01:49:30,411 [main] INFO  com.solvd.webOnlineShop.GenerateRandomData - Number written by the dummy(Bounded): 0
2021-04-05 01:49:30,411 [main] INFO  com.solvd.webOnlineShop.generics.AbstractMenu - Chosen option: 0
2021-04-05 01:49:30,411 [main] INFO  com.solvd.webOnlineShop.generics.AbstractMenu - Option selected in changeOption: 
2021-04-05 01:49:30,411 [main] INFO  com.solvd.webOnlineShop.product.Product - Retrieving all products
2021-04-05 01:49:30,411 [main] INFO  com.solvd.webOnlineShop.product.Product - Book, $ 5.99, description:'An excellent book
2021-04-05 01:49:30,411 [main] INFO  com.solvd.webOnlineShop.product.Product - BookMarker, $ 0.99, description:'This is for books
2021-04-05 01:49:30,411 [main] INFO  com.solvd.webOnlineShop.product.Product - Wallet, $ 1.99, description:'This is not for books
2021-04-05 01:49:30,411 [main] INFO  com.solvd.webOnlineShop.product.Product - Shelves, $ 15.0, description:'This can be used for books
2021-04-05 01:49:30,411 [main] INFO  com.solvd.webOnlineShop.product.Product - Lighter, $ 0.5, description:'This is definitely not for books
2021-04-05 01:49:30,411 [main] INFO  com.solvd.webOnlineShop.ui.menu.shopMenu.ShopMenu - Printing Shop Menu
2021-04-05 01:49:30,411 [main] INFO  com.solvd.webOnlineShop.generics.AbstractMenu - Choosing Menu ui options
2021-04-05 01:49:30,411 [main] INFO  com.solvd.webOnlineShop.generics.AbstractMenu - Clock: Mon Apr 05 01:49:30 ART 2021
2021-04-05 01:49:30,411 [main] INFO  com.solvd.webOnlineShop.generics.AbstractMenu - Giving all elements options
2021-04-05 01:49:30,411 [main] INFO  com.solvd.webOnlineShop.generics.AbstractMenu - 0- See all Products.
2021-04-05 01:49:30,411 [main] INFO  com.solvd.webOnlineShop.generics.AbstractMenu - 1- Search a Product.
2021-04-05 01:49:30,411 [main] INFO  com.solvd.webOnlineShop.generics.AbstractMenu - 2- See Cart.
2021-04-05 01:49:30,411 [main] INFO  com.solvd.webOnlineShop.generics.AbstractMenu - 3- Admin Options.
2021-04-05 01:49:30,411 [main] INFO  com.solvd.webOnlineShop.generics.AbstractMenu - 4- Close Session.
2021-04-05 01:49:30,411 [main] INFO  com.solvd.webOnlineShop.GenerateRandomData - Number written by the dummy(Bounded): 4
2021-04-05 01:49:30,411 [main] INFO  com.solvd.webOnlineShop.generics.AbstractMenu - Chosen option: 4
2021-04-05 01:49:30,411 [main] INFO  com.solvd.webOnlineShop.generics.AbstractMenu - Option selected in changeOption: 
2021-04-05 01:49:30,411 [main] INFO  com.solvd.webOnlineShop.ui.menu.mainMenu.MainMenu - Printing Main Menu
2021-04-05 01:49:30,411 [main] INFO  com.solvd.webOnlineShop.generics.AbstractMenu - Choosing Menu ui options
2021-04-05 01:49:30,411 [main] INFO  com.solvd.webOnlineShop.generics.AbstractMenu - Clock: Mon Apr 05 01:49:30 ART 2021
2021-04-05 01:49:30,411 [main] INFO  com.solvd.webOnlineShop.generics.AbstractMenu - Giving all elements options
2021-04-05 01:49:30,411 [main] INFO  com.solvd.webOnlineShop.generics.AbstractMenu - 0- Login.
2021-04-05 01:49:30,411 [main] INFO  com.solvd.webOnlineShop.generics.AbstractMenu - 1- Create a User.
2021-04-05 01:49:30,411 [main] INFO  com.solvd.webOnlineShop.generics.AbstractMenu - 2- Enter as a Guest(Can't buy anything).
2021-04-05 01:49:30,411 [main] INFO  com.solvd.webOnlineShop.generics.AbstractMenu - 3- Exit.
2021-04-05 01:49:30,419 [main] INFO  com.solvd.webOnlineShop.GenerateRandomData - Number written by the dummy(Bounded): 3
2021-04-05 01:49:30,419 [main] INFO  com.solvd.webOnlineShop.generics.AbstractMenu - Chosen option: 3
2021-04-05 01:49:30,419 [main] INFO  com.solvd.webOnlineShop.generics.AbstractMenu - Option selected in changeOption: 
2021-04-05 01:49:30,421 [main] INFO  com.solvd.webOnlineShop.ui.menu.mainMenu.MainMenu - All tickets processed!
2021-04-05 01:49:30,421 [main] INFO  com.solvd.webOnlineShop.ui.menu.mainMenu.MainMenu - Execution terminated
